<?xml version="1.0" encoding="UTF-8"?>
<!-- Generated by org.testng.reporters.JUnitReportReporter -->
<testsuite hostname="Dheeru" failures="0" tests="5" name="com.GroupofGroup.GroupPgm" time="0.057" errors="0" timestamp="2022-03-03T13:01:10 IST" skipped="0">
  <testcase classname="com.GroupofGroup.GroupPgm" name="Thank" time="0.006"/>
  <system-out/>
  <testcase classname="com.GroupofGroup.GroupPgm" name="wel" time="0.007"/>
  <system-out/>
  <testcase classname="com.GroupofGroup.GroupPgm" name="formula" time="0.010"/>
  <system-out/>
  <testcase classname="com.GroupofGroup.GroupPgm" name="bike" time="0.024"/>
  <system-out/>
  <testcase classname="com.GroupofGroup.GroupPgm" name="hello" time="0.010"/>
  <system-out/>
</testsuite> <!-- com.GroupofGroup.GroupPgm -->
