<?xml version="1.0" encoding="UTF-8"?>
<!-- Generated by org.testng.reporters.JUnitReportReporter -->
<testsuite hostname="Dheeru" failures="0" tests="1" name="com.sample.SamplePgm" time="0.022" errors="0" timestamp="2022-03-02T13:38:59 IST" skipped="0">
  <testcase classname="com.sample.SamplePgm" name="employeeDetail" time="0.022"/>
  <system-out/>
</testsuite> <!-- com.sample.SamplePgm -->
